0 info it worked if it ends with ok
1 verbose cli [ '/usr/local/Cellar/node@6/6.13.1/bin/node',
1 verbose cli   '/usr/local/opt/node@6/bin/npm',
1 verbose cli   'run',
1 verbose cli   'app' ]
2 info using npm@3.10.10
3 info using node@v6.13.1
4 verbose run-script [ 'preapp', 'app', 'postapp' ]
5 info lifecycle react-redux-template@1.0.0~preapp: react-redux-template@1.0.0
6 silly lifecycle react-redux-template@1.0.0~preapp: no script for preapp, continuing
7 info lifecycle react-redux-template@1.0.0~app: react-redux-template@1.0.0
8 verbose lifecycle react-redux-template@1.0.0~app: unsafe-perm in lifecycle true
9 verbose lifecycle react-redux-template@1.0.0~app: PATH: /usr/local/Cellar/node@6/6.13.1/lib/node_modules/npm/bin/node-gyp-bin:/Users/asshah/Documents/assignment/React-Assignment/node_modules/.bin:/usr/local/Cellar/node@6/6.13.1/bin:/usr/local/opt/node@6/bin:/usr/local/bin:/usr/bin:/bin:/usr/sbin:/sbin:/usr/local/opt/node@6/bin
10 verbose lifecycle react-redux-template@1.0.0~app: CWD: /Users/asshah/Documents/assignment/React-Assignment
11 silly lifecycle react-redux-template@1.0.0~app: Args: [ '-c', 'node --exec babel-node ./dev/app/app.js' ]
12 silly lifecycle react-redux-template@1.0.0~app: Returned: code: 9  signal: null
13 info lifecycle react-redux-template@1.0.0~app: Failed to exec app script
14 verbose stack Error: react-redux-template@1.0.0 app: `node --exec babel-node ./dev/app/app.js`
14 verbose stack Exit status 9
14 verbose stack     at EventEmitter.<anonymous> (/usr/local/Cellar/node@6/6.13.1/lib/node_modules/npm/lib/utils/lifecycle.js:255:16)
14 verbose stack     at emitTwo (events.js:106:13)
14 verbose stack     at EventEmitter.emit (events.js:191:7)
14 verbose stack     at ChildProcess.<anonymous> (/usr/local/Cellar/node@6/6.13.1/lib/node_modules/npm/lib/utils/spawn.js:40:14)
14 verbose stack     at emitTwo (events.js:106:13)
14 verbose stack     at ChildProcess.emit (events.js:191:7)
14 verbose stack     at maybeClose (internal/child_process.js:920:16)
14 verbose stack     at Process.ChildProcess._handle.onexit (internal/child_process.js:230:5)
15 verbose pkgid react-redux-template@1.0.0
16 verbose cwd /Users/asshah/Documents/assignment/React-Assignment
17 error Darwin 16.7.0
18 error argv "/usr/local/Cellar/node@6/6.13.1/bin/node" "/usr/local/opt/node@6/bin/npm" "run" "app"
19 error node v6.13.1
20 error npm  v3.10.10
21 error code ELIFECYCLE
22 error react-redux-template@1.0.0 app: `node --exec babel-node ./dev/app/app.js`
22 error Exit status 9
23 error Failed at the react-redux-template@1.0.0 app script 'node --exec babel-node ./dev/app/app.js'.
23 error Make sure you have the latest version of node.js and npm installed.
23 error If you do, this is most likely a problem with the react-redux-template package,
23 error not with npm itself.
23 error Tell the author that this fails on your system:
23 error     node --exec babel-node ./dev/app/app.js
23 error You can get information on how to open an issue for this project with:
23 error     npm bugs react-redux-template
23 error Or if that isn't available, you can get their info via:
23 error     npm owner ls react-redux-template
23 error There is likely additional logging output above.
24 verbose exit [ 1, true ]
